# JRE version: Java(TM) SE Runtime Environment (17.0.12+8) (build 17.0.12+8-LTS-286)
# Java VM: Java HotSpot(TM) 64-Bit Server VM (17.0.12+8-LTS-286, mixed mode, sharing, tiered, compressed oops, compressed class ptrs, g1 gc, windows-amd64)
GC Precious Log:
 CPUs: 8 total, 8 available
 Memory: 24355M
 Large Page Support: Disabled
 NUMA Support: Disabled
 Compressed Oops: Enabled (32-bit)
 Heap Region Size: 1M
 Heap Min Capacity: 256M
 Heap Initial Capacity: 256M
 Heap Max Capacity: 512M
 Pre-touch: Disabled
 Parallel Workers: 8
 Concurrent Workers: 2
 Concurrent Refinement Workers: 8
 Periodic GC: Disabled
Heap:
 garbage-first heap   total 262144K, used 107189K [0x00000000e0000000, 0x0000000100000000)
  region size 1024K, 68 young (69632K), 1 survivors (1024K)
 Metaspace       used 53268K, committed 53888K, reserved 393216K
  class space    used 7555K, committed 7808K, reserved 327680K
GC Heap History (18 events):
Event: 1.326 GC heap before
{Heap before GC invocations=0 (full 0):
 garbage-first heap   total 262144K, used 22528K [0x00000000e0000000, 0x0000000100000000)
  region size 1024K, 23 young (23552K), 0 survivors (0K)
 Metaspace       used 910K, committed 1088K, reserved 393216K
  class space    used 69K, committed 128K, reserved 327680K
}
Event: 1.329 GC heap after
{Heap after GC invocations=1 (full 0):
 garbage-first heap   total 262144K, used 1780K [0x00000000e0000000, 0x0000000100000000)
  region size 1024K, 2 young (2048K), 2 survivors (2048K)
 Metaspace       used 910K, committed 1088K, reserved 393216K
  class space    used 69K, committed 128K, reserved 327680K
}
Event: 3.428 GC heap before
{Heap before GC invocations=1 (full 0):
 garbage-first heap   total 262144K, used 37620K [0x00000000e0000000, 0x0000000100000000)
  region size 1024K, 35 young (35840K), 2 survivors (2048K)
 Metaspace       used 4415K, committed 4608K, reserved 393216K
  class space    used 550K, committed 640K, reserved 327680K
}
Event: 3.434 GC heap after
{Heap after GC invocations=2 (full 0):
 garbage-first heap   total 262144K, used 10745K [0x00000000e0000000, 0x0000000100000000)
  region size 1024K, 5 young (5120K), 5 survivors (5120K)
 Metaspace       used 4415K, committed 4608K, reserved 393216K
  class space    used 550K, committed 640K, reserved 327680K
}
Event: 7.523 GC heap before
{Heap before GC invocations=2 (full 0):
 garbage-first heap   total 262144K, used 70137K [0x00000000e0000000, 0x0000000100000000)
  region size 1024K, 61 young (62464K), 5 survivors (5120K)
 Metaspace       used 5630K, committed 5824K, reserved 393216K
  class space    used 744K, committed 832K, reserved 327680K
}
Event: 7.530 GC heap after
{Heap after GC invocations=3 (full 0):
 garbage-first heap   total 262144K, used 17636K [0x00000000e0000000, 0x0000000100000000)
  region size 1024K, 6 young (6144K), 6 survivors (6144K)
 Metaspace       used 5630K, committed 5824K, reserved 393216K
  class space    used 744K, committed 832K, reserved 327680K
}
Event: 12.776 GC heap before
{Heap before GC invocations=3 (full 0):
 garbage-first heap   total 262144K, used 120036K [0x00000000e0000000, 0x0000000100000000)
  region size 1024K, 107 young (109568K), 6 survivors (6144K)
 Metaspace       used 21148K, committed 21504K, reserved 393216K
  class space    used 3083K, committed 3264K, reserved 327680K
}
Event: 12.791 GC heap after
{Heap after GC invocations=4 (full 0):
 garbage-first heap   total 262144K, used 24191K [0x00000000e0000000, 0x0000000100000000)
  region size 1024K, 12 young (12288K), 12 survivors (12288K)
 Metaspace       used 21148K, committed 21504K, reserved 393216K
  class space    used 3083K, committed 3264K, reserved 327680K
}
Event: 16.198 GC heap before
{Heap before GC invocations=5 (full 0):
 garbage-first heap   total 262144K, used 145023K [0x00000000e0000000, 0x0000000100000000)
  region size 1024K, 127 young (130048K), 12 survivors (12288K)
 Metaspace       used 35575K, committed 35968K, reserved 393216K
  class space    used 4939K, committed 5120K, reserved 327680K
}
Event: 16.216 GC heap after
{Heap after GC invocations=6 (full 0):
 garbage-first heap   total 262144K, used 32263K [0x00000000e0000000, 0x0000000100000000)
  region size 1024K, 15 young (15360K), 15 survivors (15360K)
 Metaspace       used 35575K, committed 35968K, reserved 393216K
  class space    used 4939K, committed 5120K, reserved 327680K
}
Event: 16.246 GC heap before
{Heap before GC invocations=6 (full 0):
 garbage-first heap   total 262144K, used 33287K [0x00000000e0000000, 0x0000000100000000)
  region size 1024K, 16 young (16384K), 15 survivors (15360K)
 Metaspace       used 35665K, committed 36096K, reserved 393216K
  class space    used 4955K, committed 5184K, reserved 327680K
}
Event: 16.263 GC heap after
{Heap after GC invocations=7 (full 0):
 garbage-first heap   total 262144K, used 33058K [0x00000000e0000000, 0x0000000100000000)
  region size 1024K, 2 young (2048K), 2 survivors (2048K)
 Metaspace       used 35665K, committed 36096K, reserved 393216K
  class space    used 4955K, committed 5184K, reserved 327680K
}
Event: 16.335 GC heap before
{Heap before GC invocations=7 (full 0):
 garbage-first heap   total 262144K, used 34082K [0x00000000e0000000, 0x0000000100000000)
  region size 1024K, 4 young (4096K), 2 survivors (2048K)
 Metaspace       used 35907K, committed 36288K, reserved 393216K
  class space    used 4991K, committed 5184K, reserved 327680K
}
Event: 16.337 GC heap after
{Heap after GC invocations=8 (full 0):
 garbage-first heap   total 262144K, used 31624K [0x00000000e0000000, 0x0000000100000000)
  region size 1024K, 1 young (1024K), 1 survivors (1024K)
 Metaspace       used 35907K, committed 36288K, reserved 393216K
  class space    used 4991K, committed 5184K, reserved 327680K
}
Event: 21.890 GC heap before
{Heap before GC invocations=9 (full 0):
 garbage-first heap   total 262144K, used 189320K [0x00000000e0000000, 0x0000000100000000)
  region size 1024K, 153 young (156672K), 1 survivors (1024K)
 Metaspace       used 49480K, committed 50112K, reserved 393216K
  class space    used 6937K, committed 7232K, reserved 327680K
}
Event: 21.900 GC heap after
{Heap after GC invocations=10 (full 0):
 garbage-first heap   total 262144K, used 38778K [0x00000000e0000000, 0x0000000100000000)
  region size 1024K, 8 young (8192K), 8 survivors (8192K)
 Metaspace       used 49480K, committed 50112K, reserved 393216K
  class space    used 6937K, committed 7232K, reserved 327680K
}
Event: 21.999 GC heap before
{Heap before GC invocations=10 (full 0):
 garbage-first heap   total 262144K, used 42874K [0x00000000e0000000, 0x0000000100000000)
  region size 1024K, 12 young (12288K), 8 survivors (8192K)
 Metaspace       used 49902K, committed 50496K, reserved 393216K
  class space    used 7027K, committed 7296K, reserved 327680K
}
Event: 22.011 GC heap after
{Heap after GC invocations=11 (full 0):
 garbage-first heap   total 262144K, used 39605K [0x00000000e0000000, 0x0000000100000000)
  region size 1024K, 1 young (1024K), 1 survivors (1024K)
 Metaspace       used 49902K, committed 50496K, reserved 393216K
  class space    used 7027K, committed 7296K, reserved 327680K
}

