# JRE version: Java(TM) SE Runtime Environment (17.0.12+8) (build 17.0.12+8-LTS-286)
# Java VM: Java HotSpot(TM) 64-Bit Server VM (17.0.12+8-LTS-286, mixed mode, sharing, tiered, compressed oops, compressed class ptrs, g1 gc, windows-amd64)
GC Precious Log:
 CPUs: 8 total, 8 available
 Memory: 24355M
 Large Page Support: Disabled
 NUMA Support: Disabled
 Compressed Oops: Enabled (32-bit)
 Heap Region Size: 1M
 Heap Min Capacity: 256M
 Heap Initial Capacity: 256M
 Heap Max Capacity: 512M
 Pre-touch: Disabled
 Parallel Workers: 8
 Concurrent Workers: 2
 Concurrent Refinement Workers: 8
 Periodic GC: Disabled
Heap:
 garbage-first heap   total 262144K, used 136529K [0x00000000e0000000, 0x0000000100000000)
  region size 1024K, 112 young (114688K), 16 survivors (16384K)
 Metaspace       used 54721K, committed 55360K, reserved 393216K
  class space    used 7793K, committed 8064K, reserved 327680K
GC Heap History (12 events):
Event: 2.021 GC heap before
{Heap before GC invocations=0 (full 0):
 garbage-first heap   total 262144K, used 22528K [0x00000000e0000000, 0x0000000100000000)
  region size 1024K, 23 young (23552K), 0 survivors (0K)
 Metaspace       used 919K, committed 1088K, reserved 393216K
  class space    used 69K, committed 128K, reserved 327680K
}
Event: 2.025 GC heap after
{Heap after GC invocations=1 (full 0):
 garbage-first heap   total 262144K, used 1737K [0x00000000e0000000, 0x0000000100000000)
  region size 1024K, 2 young (2048K), 2 survivors (2048K)
 Metaspace       used 919K, committed 1088K, reserved 393216K
  class space    used 69K, committed 128K, reserved 327680K
}
Event: 8.676 GC heap before
{Heap before GC invocations=1 (full 0):
 garbage-first heap   total 262144K, used 37577K [0x00000000e0000000, 0x0000000100000000)
  region size 1024K, 35 young (35840K), 2 survivors (2048K)
 Metaspace       used 4411K, committed 4608K, reserved 393216K
  class space    used 552K, committed 640K, reserved 327680K
}
Event: 8.682 GC heap after
{Heap after GC invocations=2 (full 0):
 garbage-first heap   total 262144K, used 11196K [0x00000000e0000000, 0x0000000100000000)
  region size 1024K, 5 young (5120K), 5 survivors (5120K)
 Metaspace       used 4411K, committed 4608K, reserved 393216K
  class space    used 552K, committed 640K, reserved 327680K
}
Event: 10.386 GC heap before
{Heap before GC invocations=2 (full 0):
 garbage-first heap   total 262144K, used 66492K [0x00000000e0000000, 0x0000000100000000)
  region size 1024K, 57 young (58368K), 5 survivors (5120K)
 Metaspace       used 5060K, committed 5248K, reserved 393216K
  class space    used 661K, committed 768K, reserved 327680K
}
Event: 10.393 GC heap after
{Heap after GC invocations=3 (full 0):
 garbage-first heap   total 262144K, used 16629K [0x00000000e0000000, 0x0000000100000000)
  region size 1024K, 8 young (8192K), 8 survivors (8192K)
 Metaspace       used 5060K, committed 5248K, reserved 393216K
  class space    used 661K, committed 768K, reserved 327680K
}
Event: 14.343 GC heap before
{Heap before GC invocations=3 (full 0):
 garbage-first heap   total 262144K, used 124149K [0x00000000e0000000, 0x0000000100000000)
  region size 1024K, 114 young (116736K), 8 survivors (8192K)
 Metaspace       used 21135K, committed 21504K, reserved 393216K
  class space    used 3080K, committed 3264K, reserved 327680K
}
Event: 14.356 GC heap after
{Heap after GC invocations=4 (full 0):
 garbage-first heap   total 262144K, used 23873K [0x00000000e0000000, 0x0000000100000000)
  region size 1024K, 16 young (16384K), 16 survivors (16384K)
 Metaspace       used 21135K, committed 21504K, reserved 393216K
  class space    used 3080K, committed 3264K, reserved 327680K
}
Event: 17.664 GC heap before
{Heap before GC invocations=5 (full 0):
 garbage-first heap   total 262144K, used 145729K [0x00000000e0000000, 0x0000000100000000)
  region size 1024K, 132 young (135168K), 16 survivors (16384K)
 Metaspace       used 35619K, committed 35968K, reserved 393216K
  class space    used 4948K, committed 5120K, reserved 327680K
}
Event: 17.685 GC heap after
{Heap after GC invocations=6 (full 0):
 garbage-first heap   total 262144K, used 31990K [0x00000000e0000000, 0x0000000100000000)
  region size 1024K, 16 young (16384K), 16 survivors (16384K)
 Metaspace       used 35619K, committed 35968K, reserved 393216K
  class space    used 4948K, committed 5120K, reserved 327680K
}
Event: 22.133 GC heap before
{Heap before GC invocations=7 (full 0):
 garbage-first heap   total 262144K, used 173302K [0x00000000e0000000, 0x0000000100000000)
  region size 1024K, 153 young (156672K), 16 survivors (16384K)
 Metaspace       used 49129K, committed 49664K, reserved 393216K
  class space    used 6915K, committed 7168K, reserved 327680K
}
Event: 22.157 GC heap after
{Heap after GC invocations=8 (full 0):
 garbage-first heap   total 262144K, used 39249K [0x00000000e0000000, 0x0000000100000000)
  region size 1024K, 16 young (16384K), 16 survivors (16384K)
 Metaspace       used 49129K, committed 49664K, reserved 393216K
  class space    used 6915K, committed 7168K, reserved 327680K
}

