# JRE version: Java(TM) SE Runtime Environment (17.0.12+8) (build 17.0.12+8-LTS-286)
# Java VM: Java HotSpot(TM) 64-Bit Server VM (17.0.12+8-LTS-286, mixed mode, sharing, tiered, compressed oops, compressed class ptrs, g1 gc, windows-amd64)
GC Precious Log:
 CPUs: 8 total, 8 available
 Memory: 24355M
 Large Page Support: Disabled
 NUMA Support: Disabled
 Compressed Oops: Enabled (32-bit)
 Heap Region Size: 1M
 Heap Min Capacity: 256M
 Heap Initial Capacity: 256M
 Heap Max Capacity: 512M
 Pre-touch: Disabled
 Parallel Workers: 8
 Concurrent Workers: 2
 Concurrent Refinement Workers: 8
 Periodic GC: Disabled
Heap:
 garbage-first heap   total 262144K, used 148844K [0x00000000e0000000, 0x0000000100000000)
  region size 1024K, 116 young (118784K), 19 survivors (19456K)
 Metaspace       used 58238K, committed 58880K, reserved 393216K
  class space    used 8083K, committed 8384K, reserved 327680K
GC Heap History (14 events):
Event: 1.697 GC heap before
{Heap before GC invocations=0 (full 0):
 garbage-first heap   total 262144K, used 22528K [0x00000000e0000000, 0x0000000100000000)
  region size 1024K, 23 young (23552K), 0 survivors (0K)
 Metaspace       used 920K, committed 1088K, reserved 393216K
  class space    used 69K, committed 128K, reserved 327680K
}
Event: 1.726 GC heap after
{Heap after GC invocations=1 (full 0):
 garbage-first heap   total 262144K, used 1702K [0x00000000e0000000, 0x0000000100000000)
  region size 1024K, 2 young (2048K), 2 survivors (2048K)
 Metaspace       used 920K, committed 1088K, reserved 393216K
  class space    used 69K, committed 128K, reserved 327680K
}
Event: 3.941 GC heap before
{Heap before GC invocations=1 (full 0):
 garbage-first heap   total 262144K, used 37542K [0x00000000e0000000, 0x0000000100000000)
  region size 1024K, 35 young (35840K), 2 survivors (2048K)
 Metaspace       used 4411K, committed 4608K, reserved 393216K
  class space    used 553K, committed 640K, reserved 327680K
}
Event: 3.947 GC heap after
{Heap after GC invocations=2 (full 0):
 garbage-first heap   total 262144K, used 11067K [0x00000000e0000000, 0x0000000100000000)
  region size 1024K, 5 young (5120K), 5 survivors (5120K)
 Metaspace       used 4411K, committed 4608K, reserved 393216K
  class space    used 553K, committed 640K, reserved 327680K
}
Event: 7.657 GC heap before
{Heap before GC invocations=2 (full 0):
 garbage-first heap   total 262144K, used 66363K [0x00000000e0000000, 0x0000000100000000)
  region size 1024K, 57 young (58368K), 5 survivors (5120K)
 Metaspace       used 5069K, committed 5248K, reserved 393216K
  class space    used 663K, committed 768K, reserved 327680K
}
Event: 7.665 GC heap after
{Heap after GC invocations=3 (full 0):
 garbage-first heap   total 262144K, used 16807K [0x00000000e0000000, 0x0000000100000000)
  region size 1024K, 5 young (5120K), 5 survivors (5120K)
 Metaspace       used 5069K, committed 5248K, reserved 393216K
  class space    used 663K, committed 768K, reserved 327680K
}
Event: 14.427 GC heap before
{Heap before GC invocations=3 (full 0):
 garbage-first heap   total 262144K, used 123303K [0x00000000e0000000, 0x0000000100000000)
  region size 1024K, 110 young (112640K), 5 survivors (5120K)
 Metaspace       used 21157K, committed 21504K, reserved 393216K
  class space    used 3082K, committed 3264K, reserved 327680K
}
Event: 14.442 GC heap after
{Heap after GC invocations=4 (full 0):
 garbage-first heap   total 262144K, used 23789K [0x00000000e0000000, 0x0000000100000000)
  region size 1024K, 12 young (12288K), 12 survivors (12288K)
 Metaspace       used 21157K, committed 21504K, reserved 393216K
  class space    used 3082K, committed 3264K, reserved 327680K
}
Event: 18.916 GC heap before
{Heap before GC invocations=5 (full 0):
 garbage-first heap   total 262144K, used 142573K [0x00000000e0000000, 0x0000000100000000)
  region size 1024K, 125 young (128000K), 12 survivors (12288K)
 Metaspace       used 35504K, committed 35968K, reserved 393216K
  class space    used 4928K, committed 5184K, reserved 327680K
}
Event: 18.935 GC heap after
{Heap after GC invocations=6 (full 0):
 garbage-first heap   total 262144K, used 32304K [0x00000000e0000000, 0x0000000100000000)
  region size 1024K, 16 young (16384K), 16 survivors (16384K)
 Metaspace       used 35504K, committed 35968K, reserved 393216K
  class space    used 4928K, committed 5184K, reserved 327680K
}
Event: 25.316 GC heap before
{Heap before GC invocations=7 (full 0):
 garbage-first heap   total 262144K, used 173616K [0x00000000e0000000, 0x0000000100000000)
  region size 1024K, 153 young (156672K), 16 survivors (16384K)
 Metaspace       used 49374K, committed 49984K, reserved 393216K
  class space    used 6959K, committed 7232K, reserved 327680K
}
Event: 25.339 GC heap after
{Heap after GC invocations=8 (full 0):
 garbage-first heap   total 262144K, used 39525K [0x00000000e0000000, 0x0000000100000000)
  region size 1024K, 16 young (16384K), 16 survivors (16384K)
 Metaspace       used 49374K, committed 49984K, reserved 393216K
  class space    used 6959K, committed 7232K, reserved 327680K
}
Event: 29.706 GC heap before
{Heap before GC invocations=8 (full 0):
 garbage-first heap   total 262144K, used 179813K [0x00000000e0000000, 0x0000000100000000)
  region size 1024K, 153 young (156672K), 16 survivors (16384K)
 Metaspace       used 57082K, committed 57728K, reserved 393216K
  class space    used 8048K, committed 8320K, reserved 327680K
}
Event: 29.730 GC heap after
{Heap after GC invocations=9 (full 0):
 garbage-first heap   total 262144K, used 50540K [0x00000000e0000000, 0x0000000100000000)
  region size 1024K, 19 young (19456K), 19 survivors (19456K)
 Metaspace       used 57082K, committed 57728K, reserved 393216K
  class space    used 8048K, committed 8320K, reserved 327680K
}

