# JRE version: Java(TM) SE Runtime Environment (17.0.12+8) (build 17.0.12+8-LTS-286)
# Java VM: Java HotSpot(TM) 64-Bit Server VM (17.0.12+8-LTS-286, mixed mode, sharing, tiered, compressed oops, compressed class ptrs, g1 gc, windows-amd64)
GC Precious Log:
 CPUs: 8 total, 8 available
 Memory: 24355M
 Large Page Support: Disabled
 NUMA Support: Disabled
 Compressed Oops: Enabled (32-bit)
 Heap Region Size: 1M
 Heap Min Capacity: 256M
 Heap Initial Capacity: 256M
 Heap Max Capacity: 512M
 Pre-touch: Disabled
 Parallel Workers: 8
 Concurrent Workers: 2
 Concurrent Refinement Workers: 8
 Periodic GC: Disabled
Heap:
 garbage-first heap   total 317440K, used 205456K [0x00000000e0000000, 0x0000000100000000)
  region size 1024K, 116 young (118784K), 2 survivors (2048K)
 Metaspace       used 81702K, committed 83072K, reserved 458752K
  class space    used 10647K, committed 11264K, reserved 327680K
GC Heap History (20 events):
Event: 2090.308 GC heap before
{Heap before GC invocations=146 (full 0):
 garbage-first heap   total 348160K, used 108597K [0x00000000e0000000, 0x0000000100000000)
  region size 1024K, 17 young (17408K), 15 survivors (15360K)
 Metaspace       used 78048K, committed 79744K, reserved 458752K
  class space    used 10234K, committed 11072K, reserved 327680K
}
Event: 2090.322 GC heap after
{Heap after GC invocations=147 (full 0):
 garbage-first heap   total 348160K, used 99749K [0x00000000e0000000, 0x0000000100000000)
  region size 1024K, 2 young (2048K), 2 survivors (2048K)
 Metaspace       used 78048K, committed 79744K, reserved 458752K
  class space    used 10234K, committed 11072K, reserved 327680K
}
Event: 2093.854 GC heap before
{Heap before GC invocations=147 (full 0):
 garbage-first heap   total 348160K, used 274853K [0x00000000e0000000, 0x0000000100000000)
  region size 1024K, 173 young (177152K), 2 survivors (2048K)
 Metaspace       used 78060K, committed 79744K, reserved 458752K
  class space    used 10234K, committed 11072K, reserved 327680K
}
Event: 2093.866 GC heap after
{Heap after GC invocations=148 (full 0):
 garbage-first heap   total 348160K, used 111724K [0x00000000e0000000, 0x0000000100000000)
  region size 1024K, 14 young (14336K), 14 survivors (14336K)
 Metaspace       used 78060K, committed 79744K, reserved 458752K
  class space    used 10234K, committed 11072K, reserved 327680K
}
Event: 2122.084 GC heap before
{Heap before GC invocations=148 (full 0):
 garbage-first heap   total 348160K, used 273516K [0x00000000e0000000, 0x0000000100000000)
  region size 1024K, 173 young (177152K), 14 survivors (14336K)
 Metaspace       used 78078K, committed 79744K, reserved 458752K
  class space    used 10234K, committed 11072K, reserved 327680K
}
Event: 2122.092 GC heap after
{Heap after GC invocations=149 (full 0):
 garbage-first heap   total 348160K, used 111134K [0x00000000e0000000, 0x0000000100000000)
  region size 1024K, 10 young (10240K), 10 survivors (10240K)
 Metaspace       used 78078K, committed 79744K, reserved 458752K
  class space    used 10234K, committed 11072K, reserved 327680K
}
Event: 2138.628 GC heap before
{Heap before GC invocations=149 (full 0):
 garbage-first heap   total 348160K, used 274974K [0x00000000e0000000, 0x0000000100000000)
  region size 1024K, 171 young (175104K), 10 survivors (10240K)
 Metaspace       used 78115K, committed 79744K, reserved 458752K
  class space    used 10235K, committed 11072K, reserved 327680K
}
Event: 2138.630 GC heap after
{Heap after GC invocations=150 (full 0):
 garbage-first heap   total 348160K, used 102588K [0x00000000e0000000, 0x0000000100000000)
  region size 1024K, 2 young (2048K), 2 survivors (2048K)
 Metaspace       used 78115K, committed 79744K, reserved 458752K
  class space    used 10235K, committed 11072K, reserved 327680K
}
Event: 2153.345 GC heap before
{Heap before GC invocations=151 (full 0):
 garbage-first heap   total 317440K, used 271548K [0x00000000e0000000, 0x0000000100000000)
  region size 1024K, 180 young (184320K), 2 survivors (2048K)
 Metaspace       used 78138K, committed 79744K, reserved 458752K
  class space    used 10237K, committed 11072K, reserved 327680K
}
Event: 2153.351 GC heap after
{Heap after GC invocations=152 (full 0):
 garbage-first heap   total 317440K, used 92705K [0x00000000e0000000, 0x0000000100000000)
  region size 1024K, 4 young (4096K), 4 survivors (4096K)
 Metaspace       used 78138K, committed 79744K, reserved 458752K
  class space    used 10237K, committed 11072K, reserved 327680K
}
Event: 2153.466 GC heap before
{Heap before GC invocations=152 (full 0):
 garbage-first heap   total 317440K, used 103969K [0x00000000e0000000, 0x0000000100000000)
  region size 1024K, 15 young (15360K), 4 survivors (4096K)
 Metaspace       used 78138K, committed 79744K, reserved 458752K
  class space    used 10237K, committed 11072K, reserved 327680K
}
Event: 2153.472 GC heap after
{Heap after GC invocations=153 (full 0):
 garbage-first heap   total 317440K, used 77558K [0x00000000e0000000, 0x0000000100000000)
  region size 1024K, 2 young (2048K), 2 survivors (2048K)
 Metaspace       used 78138K, committed 79744K, reserved 458752K
  class space    used 10237K, committed 11072K, reserved 327680K
}
Event: 2173.503 GC heap before
{Heap before GC invocations=153 (full 0):
 garbage-first heap   total 317440K, used 257782K [0x00000000e0000000, 0x0000000100000000)
  region size 1024K, 178 young (182272K), 2 survivors (2048K)
 Metaspace       used 79884K, committed 81280K, reserved 458752K
  class space    used 10445K, committed 11072K, reserved 327680K
}
Event: 2173.512 GC heap after
{Heap after GC invocations=154 (full 0):
 garbage-first heap   total 317440K, used 88388K [0x00000000e0000000, 0x0000000100000000)
  region size 1024K, 12 young (12288K), 12 survivors (12288K)
 Metaspace       used 79884K, committed 81280K, reserved 458752K
  class space    used 10445K, committed 11072K, reserved 327680K
}
Event: 2174.913 GC heap before
{Heap before GC invocations=154 (full 0):
 garbage-first heap   total 317440K, used 233796K [0x00000000e0000000, 0x0000000100000000)
  region size 1024K, 156 young (159744K), 12 survivors (12288K)
 Metaspace       used 79888K, committed 81280K, reserved 458752K
  class space    used 10445K, committed 11072K, reserved 327680K
}
Event: 2174.930 GC heap after
{Heap after GC invocations=155 (full 0):
 garbage-first heap   total 317440K, used 98700K [0x00000000e0000000, 0x0000000100000000)
  region size 1024K, 21 young (21504K), 21 survivors (21504K)
 Metaspace       used 79888K, committed 81280K, reserved 458752K
  class space    used 10445K, committed 11072K, reserved 327680K
}
Event: 2190.590 GC heap before
{Heap before GC invocations=156 (full 0):
 garbage-first heap   total 317440K, used 258444K [0x00000000e0000000, 0x0000000100000000)
  region size 1024K, 175 young (179200K), 21 survivors (21504K)
 Metaspace       used 81701K, committed 83072K, reserved 458752K
  class space    used 10647K, committed 11264K, reserved 327680K
}
Event: 2190.602 GC heap after
{Heap after GC invocations=157 (full 0):
 garbage-first heap   total 317440K, used 98087K [0x00000000e0000000, 0x0000000100000000)
  region size 1024K, 11 young (11264K), 11 survivors (11264K)
 Metaspace       used 81701K, committed 83072K, reserved 458752K
  class space    used 10647K, committed 11264K, reserved 327680K
}
Event: 2190.668 GC heap before
{Heap before GC invocations=157 (full 0):
 garbage-first heap   total 317440K, used 102183K [0x00000000e0000000, 0x0000000100000000)
  region size 1024K, 15 young (15360K), 11 survivors (11264K)
 Metaspace       used 81701K, committed 83072K, reserved 458752K
  class space    used 10647K, committed 11264K, reserved 327680K
}
Event: 2190.675 GC heap after
{Heap after GC invocations=158 (full 0):
 garbage-first heap   total 317440K, used 89744K [0x00000000e0000000, 0x0000000100000000)
  region size 1024K, 2 young (2048K), 2 survivors (2048K)
 Metaspace       used 81701K, committed 83072K, reserved 458752K
  class space    used 10647K, committed 11264K, reserved 327680K
}

