# JRE version: Java(TM) SE Runtime Environment (17.0.12+8) (build 17.0.12+8-LTS-286)
# Java VM: Java HotSpot(TM) 64-Bit Server VM (17.0.12+8-LTS-286, mixed mode, sharing, tiered, compressed oops, compressed class ptrs, g1 gc, windows-amd64)
GC Precious Log:
 CPUs: 8 total, 8 available
 Memory: 24355M
 Large Page Support: Disabled
 NUMA Support: Disabled
 Compressed Oops: Enabled (32-bit)
 Heap Region Size: 1M
 Heap Min Capacity: 256M
 Heap Initial Capacity: 256M
 Heap Max Capacity: 512M
 Pre-touch: Disabled
 Parallel Workers: 8
 Concurrent Workers: 2
 Concurrent Refinement Workers: 8
 Periodic GC: Disabled
Heap:
 garbage-first heap   total 262144K, used 196019K [0x00000000e0000000, 0x0000000100000000)
  region size 1024K, 103 young (105472K), 11 survivors (11264K)
 Metaspace       used 77631K, committed 78464K, reserved 458752K
  class space    used 10344K, committed 10752K, reserved 327680K
GC Heap History (20 events):
Event: 154.763 GC heap before
{Heap before GC invocations=29 (full 0):
 garbage-first heap   total 262144K, used 132736K [0x00000000e0000000, 0x0000000100000000)
  region size 1024K, 19 young (19456K), 4 survivors (4096K)
 Metaspace       used 74925K, committed 75712K, reserved 458752K
  class space    used 10096K, committed 10496K, reserved 327680K
}
Event: 154.770 GC heap after
{Heap after GC invocations=30 (full 0):
 garbage-first heap   total 262144K, used 123179K [0x00000000e0000000, 0x0000000100000000)
  region size 1024K, 7 young (7168K), 7 survivors (7168K)
 Metaspace       used 74925K, committed 75712K, reserved 458752K
  class space    used 10096K, committed 10496K, reserved 327680K
}
Event: 163.164 GC heap before
{Heap before GC invocations=31 (full 0):
 garbage-first heap   total 262144K, used 205099K [0x00000000e0000000, 0x0000000100000000)
  region size 1024K, 93 young (95232K), 7 survivors (7168K)
 Metaspace       used 75204K, committed 76032K, reserved 458752K
  class space    used 10121K, committed 10496K, reserved 327680K
}
Event: 163.191 GC heap after
{Heap after GC invocations=32 (full 0):
 garbage-first heap   total 262144K, used 120860K [0x00000000e0000000, 0x0000000100000000)
  region size 1024K, 8 young (8192K), 8 survivors (8192K)
 Metaspace       used 75204K, committed 76032K, reserved 458752K
  class space    used 10121K, committed 10496K, reserved 327680K
}
Event: 163.240 GC heap before
{Heap before GC invocations=32 (full 0):
 garbage-first heap   total 262144K, used 124956K [0x00000000e0000000, 0x0000000100000000)
  region size 1024K, 12 young (12288K), 8 survivors (8192K)
 Metaspace       used 75206K, committed 76032K, reserved 458752K
  class space    used 10121K, committed 10496K, reserved 327680K
}
Event: 163.252 GC heap after
{Heap after GC invocations=33 (full 0):
 garbage-first heap   total 262144K, used 95941K [0x00000000e0000000, 0x0000000100000000)
  region size 1024K, 2 young (2048K), 2 survivors (2048K)
 Metaspace       used 75206K, committed 76032K, reserved 458752K
  class space    used 10121K, committed 10496K, reserved 327680K
}
Event: 163.351 GC heap before
{Heap before GC invocations=33 (full 0):
 garbage-first heap   total 262144K, used 106181K [0x00000000e0000000, 0x0000000100000000)
  region size 1024K, 12 young (12288K), 2 survivors (2048K)
 Metaspace       used 75206K, committed 76032K, reserved 458752K
  class space    used 10121K, committed 10496K, reserved 327680K
}
Event: 163.358 GC heap after
{Heap after GC invocations=34 (full 0):
 garbage-first heap   total 262144K, used 92340K [0x00000000e0000000, 0x0000000100000000)
  region size 1024K, 2 young (2048K), 2 survivors (2048K)
 Metaspace       used 75206K, committed 76032K, reserved 458752K
  class space    used 10121K, committed 10496K, reserved 327680K
}
Event: 165.039 GC heap before
{Heap before GC invocations=34 (full 0):
 garbage-first heap   total 262144K, used 201908K [0x00000000e0000000, 0x0000000100000000)
  region size 1024K, 109 young (111616K), 2 survivors (2048K)
 Metaspace       used 75433K, committed 76288K, reserved 458752K
  class space    used 10130K, committed 10560K, reserved 327680K
}
Event: 165.049 GC heap after
{Heap after GC invocations=35 (full 0):
 garbage-first heap   total 262144K, used 100813K [0x00000000e0000000, 0x0000000100000000)
  region size 1024K, 10 young (10240K), 10 survivors (10240K)
 Metaspace       used 75433K, committed 76288K, reserved 458752K
  class space    used 10130K, committed 10560K, reserved 327680K
}
Event: 169.135 GC heap before
{Heap before GC invocations=35 (full 0):
 garbage-first heap   total 262144K, used 205261K [0x00000000e0000000, 0x0000000100000000)
  region size 1024K, 112 young (114688K), 10 survivors (10240K)
 Metaspace       used 75505K, committed 76352K, reserved 458752K
  class space    used 10131K, committed 10560K, reserved 327680K
}
Event: 169.149 GC heap after
{Heap after GC invocations=36 (full 0):
 garbage-first heap   total 262144K, used 111916K [0x00000000e0000000, 0x0000000100000000)
  region size 1024K, 11 young (11264K), 11 survivors (11264K)
 Metaspace       used 75505K, committed 76352K, reserved 458752K
  class space    used 10131K, committed 10560K, reserved 327680K
}
Event: 170.558 GC heap before
{Heap before GC invocations=36 (full 0):
 garbage-first heap   total 262144K, used 209196K [0x00000000e0000000, 0x0000000100000000)
  region size 1024K, 105 young (107520K), 11 survivors (11264K)
 Metaspace       used 75708K, committed 76608K, reserved 458752K
  class space    used 10140K, committed 10560K, reserved 327680K
}
Event: 170.570 GC heap after
{Heap after GC invocations=37 (full 0):
 garbage-first heap   total 262144K, used 122880K [0x00000000e0000000, 0x0000000100000000)
  region size 1024K, 13 young (13312K), 13 survivors (13312K)
 Metaspace       used 75708K, committed 76608K, reserved 458752K
  class space    used 10140K, committed 10560K, reserved 327680K
}
Event: 172.784 GC heap before
{Heap before GC invocations=38 (full 0):
 garbage-first heap   total 262144K, used 199680K [0x00000000e0000000, 0x0000000100000000)
  region size 1024K, 96 young (98304K), 13 survivors (13312K)
 Metaspace       used 77200K, committed 78016K, reserved 458752K
  class space    used 10313K, committed 10688K, reserved 327680K
}
Event: 172.792 GC heap after
{Heap after GC invocations=39 (full 0):
 garbage-first heap   total 262144K, used 114688K [0x00000000e0000000, 0x0000000100000000)
  region size 1024K, 4 young (4096K), 4 survivors (4096K)
 Metaspace       used 77200K, committed 78016K, reserved 458752K
  class space    used 10313K, committed 10688K, reserved 327680K
}
Event: 175.723 GC heap before
{Heap before GC invocations=39 (full 0):
 garbage-first heap   total 262144K, used 121856K [0x00000000e0000000, 0x0000000100000000)
  region size 1024K, 12 young (12288K), 4 survivors (4096K)
 Metaspace       used 77222K, committed 78080K, reserved 458752K
  class space    used 10314K, committed 10752K, reserved 327680K
}
Event: 175.734 GC heap after
{Heap after GC invocations=40 (full 0):
 garbage-first heap   total 262144K, used 92535K [0x00000000e0000000, 0x0000000100000000)
  region size 1024K, 1 young (1024K), 1 survivors (1024K)
 Metaspace       used 77222K, committed 78080K, reserved 458752K
  class space    used 10314K, committed 10752K, reserved 327680K
}
Event: 179.014 GC heap before
{Heap before GC invocations=40 (full 0):
 garbage-first heap   total 262144K, used 203127K [0x00000000e0000000, 0x0000000100000000)
  region size 1024K, 109 young (111616K), 1 survivors (1024K)
 Metaspace       used 77361K, committed 78208K, reserved 458752K
  class space    used 10327K, committed 10752K, reserved 327680K
}
Event: 179.030 GC heap after
{Heap after GC invocations=41 (full 0):
 garbage-first heap   total 262144K, used 102835K [0x00000000e0000000, 0x0000000100000000)
  region size 1024K, 11 young (11264K), 11 survivors (11264K)
 Metaspace       used 77361K, committed 78208K, reserved 458752K
  class space    used 10327K, committed 10752K, reserved 327680K
}

