# JRE version: Java(TM) SE Runtime Environment (17.0.12+8) (build 17.0.12+8-LTS-286)
# Java VM: Java HotSpot(TM) 64-Bit Server VM (17.0.12+8-LTS-286, mixed mode, sharing, tiered, compressed oops, compressed class ptrs, g1 gc, windows-amd64)
GC Precious Log:
 CPUs: 8 total, 8 available
 Memory: 24355M
 Large Page Support: Disabled
 NUMA Support: Disabled
 Compressed Oops: Enabled (32-bit)
 Heap Region Size: 1M
 Heap Min Capacity: 256M
 Heap Initial Capacity: 256M
 Heap Max Capacity: 512M
 Pre-touch: Disabled
 Parallel Workers: 8
 Concurrent Workers: 2
 Concurrent Refinement Workers: 8
 Periodic GC: Disabled
Heap:
 garbage-first heap   total 262144K, used 198144K [0x00000000e0000000, 0x0000000100000000)
  region size 1024K, 130 young (133120K), 19 survivors (19456K)
 Metaspace       used 72015K, committed 72768K, reserved 393216K
  class space    used 9814K, committed 10176K, reserved 327680K
GC Heap History (20 events):
Event: 3.182 GC heap before
{Heap before GC invocations=1 (full 0):
 garbage-first heap   total 262144K, used 37636K [0x00000000e0000000, 0x0000000100000000)
  region size 1024K, 35 young (35840K), 2 survivors (2048K)
 Metaspace       used 4422K, committed 4608K, reserved 393216K
  class space    used 553K, committed 640K, reserved 327680K
}
Event: 3.187 GC heap after
{Heap after GC invocations=2 (full 0):
 garbage-first heap   total 262144K, used 11041K [0x00000000e0000000, 0x0000000100000000)
  region size 1024K, 5 young (5120K), 5 survivors (5120K)
 Metaspace       used 4422K, committed 4608K, reserved 393216K
  class space    used 553K, committed 640K, reserved 327680K
}
Event: 5.298 GC heap before
{Heap before GC invocations=2 (full 0):
 garbage-first heap   total 262144K, used 70433K [0x00000000e0000000, 0x0000000100000000)
  region size 1024K, 61 young (62464K), 5 survivors (5120K)
 Metaspace       used 5709K, committed 5888K, reserved 393216K
  class space    used 752K, committed 832K, reserved 327680K
}
Event: 5.305 GC heap after
{Heap after GC invocations=3 (full 0):
 garbage-first heap   total 262144K, used 17543K [0x00000000e0000000, 0x0000000100000000)
  region size 1024K, 6 young (6144K), 6 survivors (6144K)
 Metaspace       used 5709K, committed 5888K, reserved 393216K
  class space    used 752K, committed 832K, reserved 327680K
}
Event: 11.971 GC heap before
{Heap before GC invocations=3 (full 0):
 garbage-first heap   total 262144K, used 119943K [0x00000000e0000000, 0x0000000100000000)
  region size 1024K, 107 young (109568K), 6 survivors (6144K)
 Metaspace       used 21153K, committed 21504K, reserved 393216K
  class space    used 3080K, committed 3264K, reserved 327680K
}
Event: 11.988 GC heap after
{Heap after GC invocations=4 (full 0):
 garbage-first heap   total 262144K, used 24166K [0x00000000e0000000, 0x0000000100000000)
  region size 1024K, 12 young (12288K), 12 survivors (12288K)
 Metaspace       used 21153K, committed 21504K, reserved 393216K
  class space    used 3080K, committed 3264K, reserved 327680K
}
Event: 15.185 GC heap before
{Heap before GC invocations=5 (full 0):
 garbage-first heap   total 262144K, used 146022K [0x00000000e0000000, 0x0000000100000000)
  region size 1024K, 128 young (131072K), 12 survivors (12288K)
 Metaspace       used 35548K, committed 35968K, reserved 393216K
  class space    used 4933K, committed 5120K, reserved 327680K
}
Event: 15.202 GC heap after
{Heap after GC invocations=6 (full 0):
 garbage-first heap   total 262144K, used 32363K [0x00000000e0000000, 0x0000000100000000)
  region size 1024K, 15 young (15360K), 15 survivors (15360K)
 Metaspace       used 35548K, committed 35968K, reserved 393216K
  class space    used 4933K, committed 5120K, reserved 327680K
}
Event: 18.581 GC heap before
{Heap before GC invocations=7 (full 0):
 garbage-first heap   total 262144K, used 174699K [0x00000000e0000000, 0x0000000100000000)
  region size 1024K, 153 young (156672K), 15 survivors (15360K)
 Metaspace       used 49090K, committed 49600K, reserved 393216K
  class space    used 6914K, committed 7168K, reserved 327680K
}
Event: 18.602 GC heap after
{Heap after GC invocations=8 (full 0):
 garbage-first heap   total 262144K, used 39605K [0x00000000e0000000, 0x0000000100000000)
  region size 1024K, 16 young (16384K), 16 survivors (16384K)
 Metaspace       used 49090K, committed 49600K, reserved 393216K
  class space    used 6914K, committed 7168K, reserved 327680K
}
Event: 21.452 GC heap before
{Heap before GC invocations=8 (full 0):
 garbage-first heap   total 262144K, used 179893K [0x00000000e0000000, 0x0000000100000000)
  region size 1024K, 153 young (156672K), 16 survivors (16384K)
 Metaspace       used 56833K, committed 57472K, reserved 393216K
  class space    used 8000K, committed 8256K, reserved 327680K
}
Event: 21.476 GC heap after
{Heap after GC invocations=9 (full 0):
 garbage-first heap   total 262144K, used 50257K [0x00000000e0000000, 0x0000000100000000)
  region size 1024K, 19 young (19456K), 19 survivors (19456K)
 Metaspace       used 56833K, committed 57472K, reserved 393216K
  class space    used 8000K, committed 8256K, reserved 327680K
}
Event: 24.321 GC heap before
{Heap before GC invocations=9 (full 0):
 garbage-first heap   total 262144K, used 186449K [0x00000000e0000000, 0x0000000100000000)
  region size 1024K, 153 young (156672K), 19 survivors (19456K)
 Metaspace       used 58473K, committed 59136K, reserved 393216K
  class space    used 8104K, committed 8384K, reserved 327680K
}
Event: 24.342 GC heap after
{Heap after GC invocations=10 (full 0):
 garbage-first heap   total 262144K, used 56466K [0x00000000e0000000, 0x0000000100000000)
  region size 1024K, 8 young (8192K), 8 survivors (8192K)
 Metaspace       used 58473K, committed 59136K, reserved 393216K
  class space    used 8104K, committed 8384K, reserved 327680K
}
Event: 24.542 GC heap before
{Heap before GC invocations=10 (full 0):
 garbage-first heap   total 262144K, used 64658K [0x00000000e0000000, 0x0000000100000000)
  region size 1024K, 17 young (17408K), 8 survivors (8192K)
 Metaspace       used 59481K, committed 60096K, reserved 393216K
  class space    used 8283K, committed 8576K, reserved 327680K
}
Event: 24.551 GC heap after
{Heap after GC invocations=11 (full 0):
 garbage-first heap   total 262144K, used 55862K [0x00000000e0000000, 0x0000000100000000)
  region size 1024K, 8 young (8192K), 8 survivors (8192K)
 Metaspace       used 59481K, committed 60096K, reserved 393216K
  class space    used 8283K, committed 8576K, reserved 327680K
}
Event: 180.592 GC heap before
{Heap before GC invocations=12 (full 0):
 garbage-first heap   total 262144K, used 203318K [0x00000000e0000000, 0x0000000100000000)
  region size 1024K, 153 young (156672K), 8 survivors (8192K)
 Metaspace       used 61474K, committed 62144K, reserved 393216K
  class space    used 8512K, committed 8832K, reserved 327680K
}
Event: 180.610 GC heap after
{Heap after GC invocations=13 (full 0):
 garbage-first heap   total 262144K, used 69121K [0x00000000e0000000, 0x0000000100000000)
  region size 1024K, 20 young (20480K), 20 survivors (20480K)
 Metaspace       used 61474K, committed 62144K, reserved 393216K
  class space    used 8512K, committed 8832K, reserved 327680K
}
Event: 181.744 GC heap before
{Heap before GC invocations=13 (full 0):
 garbage-first heap   total 262144K, used 205313K [0x00000000e0000000, 0x0000000100000000)
  region size 1024K, 153 young (156672K), 20 survivors (20480K)
 Metaspace       used 63893K, committed 64640K, reserved 393216K
  class space    used 8842K, committed 9152K, reserved 327680K
}
Event: 181.780 GC heap after
{Heap after GC invocations=14 (full 0):
 garbage-first heap   total 262144K, used 84480K [0x00000000e0000000, 0x0000000100000000)
  region size 1024K, 19 young (19456K), 19 survivors (19456K)
 Metaspace       used 63893K, committed 64640K, reserved 393216K
  class space    used 8842K, committed 9152K, reserved 327680K
}

